{
  "stats": {
    "suites": 1,
    "tests": 1,
    "passes": 1,
    "pending": 0,
    "failures": 0,
    "start": "2026-04-24T04:48:42.477Z",
    "end": "2026-04-24T04:48:50.015Z",
    "duration": 7538,
    "testsRegistered": 1,
    "passPercent": 100,
    "pendingPercent": 0,
    "other": 0,
    "hasOther": false,
    "skipped": 0,
    "hasSkipped": false
  },
  "results": [
    {
      "uuid": "e034687c-582f-4c10-a276-882a814538a6",
      "title": "",
      "fullFile": "cypress\\e2e\\cadastro.cy.js",
      "file": "cypress\\e2e\\cadastro.cy.js",
      "beforeHooks": [],
      "afterHooks": [],
      "tests": [],
      "suites": [
        {
          "uuid": "b1e5c87d-52c7-4484-aa3b-484485e58fe3",
          "title": "Cadastro de usuário",
          "fullFile": "",
          "file": "",
          "beforeHooks": [],
          "afterHooks": [],
          "tests": [
            {
              "title": "Deve realizar cadastro com dados de fixture",
              "fullTitle": "Cadastro de usuário Deve realizar cadastro com dados de fixture",
              "timedOut": null,
              "duration": 5320,
              "state": "passed",
              "speed": "medium",
              "pass": true,
              "fail": false,
              "pending": false,
              "context": null,
              "code": "cy.fixture('example').then(dados => {\n  cy.get('input[data-qa=\"signup-name\"]').type(dados.nome);\n  cy.get('input[data-qa=\"signup-email\"]').type(`${Date.now()}${dados.email}`);\n  cy.get('button[data-qa=\"signup-button\"]').click();\n  cy.contains('Enter Account Information').should('be.visible');\n});",
              "err": {},
              "uuid": "c1d48599-006c-4550-965f-293c9106b65b",
              "parentUUID": "b1e5c87d-52c7-4484-aa3b-484485e58fe3",
              "isHook": false,
              "skipped": false
            }
          ],
          "suites": [],
          "passes": [
            "c1d48599-006c-4550-965f-293c9106b65b"
          ],
          "failures": [],
          "pending": [],
          "skipped": [],
          "duration": 5320,
          "root": false,
          "rootEmpty": false,
          "_timeout": 2000
        }
      ],
      "passes": [],
      "failures": [],
      "pending": [],
      "skipped": [],
      "duration": 0,
      "root": true,
      "rootEmpty": true,
      "_timeout": 2000
    }
  ],
  "meta": {
    "mocha": {
      "version": "7.2.0"
    },
    "mochawesome": {
      "options": {
        "quiet": false,
        "reportFilename": "mochawesome",
        "saveHtml": true,
        "saveJson": true,
        "consoleReporter": "spec",
        "useInlineDiffs": false,
        "code": true
      },
      "version": "7.1.4"
    },
    "marge": {
      "options": {
        "reportDir": "cypress/reports",
        "overwrite": false,
        "html": true,
        "json": true
      },
      "version": "6.3.2"
    }
  }
}