{
  "stats": {
    "suites": 1,
    "tests": 1,
    "passes": 1,
    "pending": 0,
    "failures": 0,
    "start": "2026-04-24T04:35:21.036Z",
    "end": "2026-04-24T04:35:27.731Z",
    "duration": 6695,
    "testsRegistered": 1,
    "passPercent": 100,
    "pendingPercent": 0,
    "other": 0,
    "hasOther": false,
    "skipped": 0,
    "hasSkipped": false
  },
  "results": [
    {
      "uuid": "b7210899-84d8-4b45-a1ad-da5ba9f6ab47",
      "title": "",
      "fullFile": "cypress\\e2e\\cadastro.cy.js",
      "file": "cypress\\e2e\\cadastro.cy.js",
      "beforeHooks": [],
      "afterHooks": [],
      "tests": [],
      "suites": [
        {
          "uuid": "13dd0033-fd24-44ed-9079-4b16034da5f2",
          "title": "Cadastro de usuário",
          "fullFile": "",
          "file": "",
          "beforeHooks": [],
          "afterHooks": [],
          "tests": [
            {
              "title": "Deve realizar cadastro com dados de fixture",
              "fullTitle": "Cadastro de usuário Deve realizar cadastro com dados de fixture",
              "timedOut": null,
              "duration": 4423,
              "state": "passed",
              "speed": "fast",
              "pass": true,
              "fail": false,
              "pending": false,
              "context": null,
              "code": "cy.fixture('example').then(dados => {\n  cy.get('input[data-qa=\"signup-name\"]').type(dados.nome);\n  cy.get('input[data-qa=\"signup-email\"]').type(`${Date.now()}${dados.email}`);\n  cy.get('button[data-qa=\"signup-button\"]').click();\n  cy.contains('Enter Account Information').should('be.visible');\n});",
              "err": {},
              "uuid": "d5703b90-94a5-4079-816e-56c8e4f65dfd",
              "parentUUID": "13dd0033-fd24-44ed-9079-4b16034da5f2",
              "isHook": false,
              "skipped": false
            }
          ],
          "suites": [],
          "passes": [
            "d5703b90-94a5-4079-816e-56c8e4f65dfd"
          ],
          "failures": [],
          "pending": [],
          "skipped": [],
          "duration": 4423,
          "root": false,
          "rootEmpty": false,
          "_timeout": 2000
        }
      ],
      "passes": [],
      "failures": [],
      "pending": [],
      "skipped": [],
      "duration": 0,
      "root": true,
      "rootEmpty": true,
      "_timeout": 2000
    }
  ],
  "meta": {
    "mocha": {
      "version": "7.2.0"
    },
    "mochawesome": {
      "options": {
        "quiet": false,
        "reportFilename": "mochawesome",
        "saveHtml": true,
        "saveJson": true,
        "consoleReporter": "spec",
        "useInlineDiffs": false,
        "code": true
      },
      "version": "7.1.4"
    },
    "marge": {
      "options": {
        "reportDir": "cypress/reports",
        "overwrite": false,
        "html": true,
        "json": true
      },
      "version": "6.3.2"
    }
  }
}