{
  "stats": {
    "suites": 1,
    "tests": 1,
    "passes": 1,
    "pending": 0,
    "failures": 0,
    "start": "2026-04-24T04:28:09.252Z",
    "end": "2026-04-24T04:28:16.947Z",
    "duration": 7695,
    "testsRegistered": 1,
    "passPercent": 100,
    "pendingPercent": 0,
    "other": 0,
    "hasOther": false,
    "skipped": 0,
    "hasSkipped": false
  },
  "results": [
    {
      "uuid": "86813ea1-df41-4b58-8d41-c001cbceadc1",
      "title": "",
      "fullFile": "cypress\\e2e\\cadastro.cy.js",
      "file": "cypress\\e2e\\cadastro.cy.js",
      "beforeHooks": [],
      "afterHooks": [],
      "tests": [],
      "suites": [
        {
          "uuid": "209a1e40-99ad-4e1f-a61c-addbfe92f489",
          "title": "Cadastro de usuário",
          "fullFile": "",
          "file": "",
          "beforeHooks": [],
          "afterHooks": [],
          "tests": [
            {
              "title": "Deve realizar cadastro com sucesso",
              "fullTitle": "Cadastro de usuário Deve realizar cadastro com sucesso",
              "timedOut": null,
              "duration": 5288,
              "state": "passed",
              "speed": "medium",
              "pass": true,
              "fail": false,
              "pending": false,
              "context": null,
              "code": "_cadastroPage.default.acessarSite();\n_cadastroPage.default.acessarTelaCadastro();\n_cadastroPage.default.preencherNome('Marcia Teste');\n_cadastroPage.default.preencherEmail(`marcia.teste${Date.now()}@email.com`);\n_cadastroPage.default.clicarCadastrar();\n_cadastroPage.default.validarTelaInformacoesConta();",
              "err": {},
              "uuid": "df183566-bea9-4df1-b59c-e0371cc350ab",
              "parentUUID": "209a1e40-99ad-4e1f-a61c-addbfe92f489",
              "isHook": false,
              "skipped": false
            }
          ],
          "suites": [],
          "passes": [
            "df183566-bea9-4df1-b59c-e0371cc350ab"
          ],
          "failures": [],
          "pending": [],
          "skipped": [],
          "duration": 5288,
          "root": false,
          "rootEmpty": false,
          "_timeout": 2000
        }
      ],
      "passes": [],
      "failures": [],
      "pending": [],
      "skipped": [],
      "duration": 0,
      "root": true,
      "rootEmpty": true,
      "_timeout": 2000
    }
  ],
  "meta": {
    "mocha": {
      "version": "7.2.0"
    },
    "mochawesome": {
      "options": {
        "quiet": false,
        "reportFilename": "mochawesome",
        "saveHtml": true,
        "saveJson": true,
        "consoleReporter": "spec",
        "useInlineDiffs": false,
        "code": true
      },
      "version": "7.1.4"
    },
    "marge": {
      "options": {
        "reportDir": "cypress/reports",
        "overwrite": false,
        "html": true,
        "json": true
      },
      "version": "6.3.2"
    }
  }
}