{
  "stats": {
    "suites": 1,
    "tests": 1,
    "passes": 1,
    "pending": 0,
    "failures": 0,
    "start": "2026-04-24T04:48:51.697Z",
    "end": "2026-04-24T04:48:58.384Z",
    "duration": 6687,
    "testsRegistered": 1,
    "passPercent": 100,
    "pendingPercent": 0,
    "other": 0,
    "hasOther": false,
    "skipped": 0,
    "hasSkipped": false
  },
  "results": [
    {
      "uuid": "2f4afef0-9d87-4591-84e2-24945b9173b5",
      "title": "",
      "fullFile": "cypress\\e2e\\cypress\\carrinho-intercept.cy.js",
      "file": "cypress\\e2e\\cypress\\carrinho-intercept.cy.js",
      "beforeHooks": [],
      "afterHooks": [],
      "tests": [],
      "suites": [
        {
          "uuid": "b1322875-b06c-4c34-9a41-73131074472b",
          "title": "Carrinho de compras com intercept",
          "fullFile": "",
          "file": "",
          "beforeHooks": [],
          "afterHooks": [],
          "tests": [
            {
              "title": "Deve simular e validar adicionar, atualizar e remover item do carrinho",
              "fullTitle": "Carrinho de compras com intercept Deve simular e validar adicionar, atualizar e remover item do carrinho",
              "timedOut": null,
              "duration": 4626,
              "state": "passed",
              "speed": "fast",
              "pass": true,
              "fail": false,
              "pending": false,
              "context": null,
              "code": "cy.intercept('POST', '**/cart/add', {\n  statusCode: 200,\n  body: {\n    success: true,\n    message: 'Produto adicionado ao carrinho'\n  }\n}).as('adicionarItem');\ncy.intercept('PUT', '**/cart/update', {\n  statusCode: 200,\n  body: {\n    success: true,\n    quantity: 2,\n    message: 'Quantidade atualizada'\n  }\n}).as('atualizarItem');\ncy.intercept('DELETE', '**/cart/remove', {\n  statusCode: 200,\n  body: {\n    success: true,\n    message: 'Produto removido do carrinho'\n  }\n}).as('removerItem');\ncy.window().then(win => {\n  win.fetch('/cart/add', {\n    method: 'POST'\n  });\n  win.fetch('/cart/update', {\n    method: 'PUT'\n  });\n  win.fetch('/cart/remove', {\n    method: 'DELETE'\n  });\n});\ncy.wait('@adicionarItem').then(interception => {\n  expect(interception.response.statusCode).to.eq(200);\n  expect(interception.response.body.success).to.eq(true);\n});\ncy.wait('@atualizarItem').then(interception => {\n  expect(interception.response.statusCode).to.eq(200);\n  expect(interception.response.body.quantity).to.eq(2);\n});\ncy.wait('@removerItem').then(interception => {\n  expect(interception.response.statusCode).to.eq(200);\n  expect(interception.response.body.success).to.eq(true);\n});",
              "err": {},
              "uuid": "c3d0cec9-777f-4689-9c12-58b17987cb59",
              "parentUUID": "b1322875-b06c-4c34-9a41-73131074472b",
              "isHook": false,
              "skipped": false
            }
          ],
          "suites": [],
          "passes": [
            "c3d0cec9-777f-4689-9c12-58b17987cb59"
          ],
          "failures": [],
          "pending": [],
          "skipped": [],
          "duration": 4626,
          "root": false,
          "rootEmpty": false,
          "_timeout": 2000
        }
      ],
      "passes": [],
      "failures": [],
      "pending": [],
      "skipped": [],
      "duration": 0,
      "root": true,
      "rootEmpty": true,
      "_timeout": 2000
    }
  ],
  "meta": {
    "mocha": {
      "version": "7.2.0"
    },
    "mochawesome": {
      "options": {
        "quiet": false,
        "reportFilename": "mochawesome",
        "saveHtml": true,
        "saveJson": true,
        "consoleReporter": "spec",
        "useInlineDiffs": false,
        "code": true
      },
      "version": "7.1.4"
    },
    "marge": {
      "options": {
        "reportDir": "cypress/reports",
        "overwrite": false,
        "html": true,
        "json": true
      },
      "version": "6.3.2"
    }
  }
}