{
  "stats": {
    "suites": 1,
    "tests": 1,
    "passes": 1,
    "pending": 0,
    "failures": 0,
    "start": "2026-04-24T04:19:52.790Z",
    "end": "2026-04-24T04:20:00.696Z",
    "duration": 7906,
    "testsRegistered": 1,
    "passPercent": 100,
    "pendingPercent": 0,
    "other": 0,
    "hasOther": false,
    "skipped": 0,
    "hasSkipped": false
  },
  "results": [
    {
      "uuid": "631fc7c5-30fc-4593-8911-334cdff3571a",
      "title": "",
      "fullFile": "cypress\\e2e\\cadastro.cy.js",
      "file": "cypress\\e2e\\cadastro.cy.js",
      "beforeHooks": [],
      "afterHooks": [],
      "tests": [],
      "suites": [
        {
          "uuid": "ff32e3f0-f41d-43e8-b9bf-5118e9e069b9",
          "title": "Cadastro de usuário",
          "fullFile": "",
          "file": "",
          "beforeHooks": [],
          "afterHooks": [],
          "tests": [
            {
              "title": "Deve realizar cadastro com sucesso",
              "fullTitle": "Cadastro de usuário Deve realizar cadastro com sucesso",
              "timedOut": null,
              "duration": 5314,
              "state": "passed",
              "speed": "medium",
              "pass": true,
              "fail": false,
              "pending": false,
              "context": null,
              "code": "_cadastroPage.default.acessarSite();\n_cadastroPage.default.acessarTelaCadastro();\n_cadastroPage.default.preencherNome('Marcia Teste');\n_cadastroPage.default.preencherEmail(`marcia.teste${Date.now()}@email.com`);\n_cadastroPage.default.clicarCadastrar();\n_cadastroPage.default.validarTelaInformacoesConta();",
              "err": {},
              "uuid": "ffbce879-ee54-4df9-8de5-58516734ac3b",
              "parentUUID": "ff32e3f0-f41d-43e8-b9bf-5118e9e069b9",
              "isHook": false,
              "skipped": false
            }
          ],
          "suites": [],
          "passes": [
            "ffbce879-ee54-4df9-8de5-58516734ac3b"
          ],
          "failures": [],
          "pending": [],
          "skipped": [],
          "duration": 5314,
          "root": false,
          "rootEmpty": false,
          "_timeout": 2000
        }
      ],
      "passes": [],
      "failures": [],
      "pending": [],
      "skipped": [],
      "duration": 0,
      "root": true,
      "rootEmpty": true,
      "_timeout": 2000
    }
  ],
  "meta": {
    "mocha": {
      "version": "7.2.0"
    },
    "mochawesome": {
      "options": {
        "quiet": false,
        "reportFilename": "mochawesome",
        "saveHtml": true,
        "saveJson": true,
        "consoleReporter": "spec",
        "useInlineDiffs": false,
        "code": true
      },
      "version": "7.1.4"
    },
    "marge": {
      "options": {
        "reportDir": "cypress/reports",
        "overwrite": false,
        "html": true,
        "json": true
      },
      "version": "6.3.2"
    }
  }
}