{
  "stats": {
    "suites": 1,
    "tests": 1,
    "passes": 1,
    "pending": 0,
    "failures": 0,
    "start": "2026-04-24T04:32:58.627Z",
    "end": "2026-04-24T04:33:03.315Z",
    "duration": 4688,
    "testsRegistered": 1,
    "passPercent": 100,
    "pendingPercent": 0,
    "other": 0,
    "hasOther": false,
    "skipped": 0,
    "hasSkipped": false
  },
  "results": [
    {
      "uuid": "1c7e536d-b281-4f91-b787-a1ebaf5889b9",
      "title": "",
      "fullFile": "cypress\\e2e\\cypress\\carrinho-intercept.cy.js",
      "file": "cypress\\e2e\\cypress\\carrinho-intercept.cy.js",
      "beforeHooks": [],
      "afterHooks": [],
      "tests": [],
      "suites": [
        {
          "uuid": "26075fff-8142-4217-aeb1-42475bfe34be",
          "title": "Carrinho de compras com intercept",
          "fullFile": "",
          "file": "",
          "beforeHooks": [],
          "afterHooks": [],
          "tests": [
            {
              "title": "Deve validar intercept funcionando",
              "fullTitle": "Carrinho de compras com intercept Deve validar intercept funcionando",
              "timedOut": null,
              "duration": 3120,
              "state": "passed",
              "speed": "fast",
              "pass": true,
              "fail": false,
              "pending": false,
              "context": null,
              "code": "cy.intercept('GET', '**/products*').as('getProducts');\ncy.visit('https://automationexercise.com/products');\ncy.wait('@getProducts').then(interception => {\n  expect(interception.response.statusCode).to.eq(200);\n});",
              "err": {},
              "uuid": "58027fd9-384b-4550-89a6-d6a6e0ad5f4e",
              "parentUUID": "26075fff-8142-4217-aeb1-42475bfe34be",
              "isHook": false,
              "skipped": false
            }
          ],
          "suites": [],
          "passes": [
            "58027fd9-384b-4550-89a6-d6a6e0ad5f4e"
          ],
          "failures": [],
          "pending": [],
          "skipped": [],
          "duration": 3120,
          "root": false,
          "rootEmpty": false,
          "_timeout": 2000
        }
      ],
      "passes": [],
      "failures": [],
      "pending": [],
      "skipped": [],
      "duration": 0,
      "root": true,
      "rootEmpty": true,
      "_timeout": 2000
    }
  ],
  "meta": {
    "mocha": {
      "version": "7.2.0"
    },
    "mochawesome": {
      "options": {
        "quiet": false,
        "reportFilename": "mochawesome",
        "saveHtml": true,
        "saveJson": true,
        "consoleReporter": "spec",
        "useInlineDiffs": false,
        "code": true
      },
      "version": "7.1.4"
    },
    "marge": {
      "options": {
        "reportDir": "cypress/reports",
        "overwrite": false,
        "html": true,
        "json": true
      },
      "version": "6.3.2"
    }
  }
}